obj Cylinder2

Type of Cylinder2 is MESH
exporting object Cylinder2
mesh_object is Cylinder.010
mesh Cylinder2 with material Material.012
vertexes reduced from 308 to 192
faces 92
uvs channels 1 - dict_keys(['UVMap'])
WARNING update material animation not yet supported
-----------------------------------------
vertex groups False False 
obj Cylinder
obj Cube1

Type of Cube1 is MESH
exporting object Cube1
mesh_object is Cube.001
mesh Cube1 with material Material.010
vertexes 24
faces 6
uvs channels 1 - dict_keys(['UVMap'])
WARNING update material animation not yet supported
-------------------------------------
vertex groups False False 
obj Cube0

Type of Cube0 is MESH
exporting object Cube0
mesh_object is Cube
mesh Cube0 with material Material.008
vertexes 24
faces 6
uvs channels 1 - dict_keys(['UVMap'])
WARNING update material animation not yet supported
-------------------------------------
vertex groups False False 
obj Cylinder4

Type of Cylinder4 is MESH
exporting object Cylinder4
mesh_object is Cylinder.004
mesh Cylinder4 with material Material.009
vertexes reduced from 308 to 192
faces 92
WARNING update material animation not yet supported
-----------------------------------------
vertex groups False False 
obj Cylinder5

Type of Cylinder5 is MESH
exporting object Cylinder5
mesh_object is Cylinder.003
mesh Cylinder5 with material Material.003
vertexes reduced from 308 to 192
faces 92
WARNING update material animation not yet supported
-----------------------------------------
vertex groups False False 
obj Cylinder0

Type of Cylinder0 is MESH
exporting object Cylinder0
mesh_object is Cylinder.002
mesh Cylinder0 with material Material.002
vertexes reduced from 308 to 192
faces 92
uvs channels 1 - dict_keys(['UVMap'])
WARNING update material animation not yet supported
-----------------------------------------
vertex groups False False 
obj Cylinder1

Type of Cylinder1 is MESH
exporting object Cylinder1
mesh_object is Cylinder.001
mesh Cylinder1 with material Material
vertexes reduced from 308 to 192
faces 92
uvs channels 1 - dict_keys(['UVMap'])
WARNING update material animation not yet supported
-------------------------------------
vertex groups False False 
obj Cylinder3

Type of Cylinder3 is MESH
exporting object Cylinder3
mesh_object is Cylinder
mesh Cylinder3 with material Material.001
vertexes reduced from 308 to 94
faces 92
uvs channels 1 - dict_keys(['UVMap'])
WARNING update material animation not yet supported
-----------------------------------------
vertex groups False False 
obj Cylinder6

Type of Cylinder6 is MESH
exporting object Cylinder6
mesh_object is Cylinder.005
mesh Cylinder6 with material Material.004
vertexes reduced from 308 to 192
faces 92
WARNING update material animation not yet supported
-----------------------------------------
vertex groups False False 
obj Cylinder7

Type of Cylinder7 is MESH
exporting object Cylinder7
mesh_object is Cylinder.006
mesh Cylinder7 with material Material.005
vertexes reduced from 308 to 192
faces 92
WARNING update material animation not yet supported
-----------------------------------------
vertex groups False False 
obj Cylinder8

Type of Cylinder8 is MESH
exporting object Cylinder8
mesh_object is Cylinder.007
mesh Cylinder8 with material Material.006
vertexes reduced from 308 to 192
faces 92
WARNING update material animation not yet supported
-----------------------------------------
vertex groups False False 
obj Cylinder9

Type of Cylinder9 is MESH
exporting object Cylinder9
mesh_object is Cylinder.008
mesh Cylinder9 with material Material.007
vertexes reduced from 308 to 192
faces 92
WARNING update material animation not yet supported
-----------------------------------------
vertex groups False False 
geode GeodeCylinder.010
geode GeodeCube.001
geode GeodeCube
geode GeodeCylinder.004
geode GeodeCylinder.003
geode GeodeCylinder.002
geode GeodeCylinder.001
geode GeodeCylinder
geode GeodeCylinder.005
geode GeodeCylinder.006
geode GeodeCylinder.007
geode GeodeCylinder.008
write file to /home/bianca/Documents/zebraVR/stimulus/10post_2cubes_64stripe.osgt
error while trying to copy file 50perc_grey.png to /home/bianca/Documents/zebraVR/stimulus/textures: '/home/bianca/Documents/zebraVR/stimulus/textures/50perc_grey.png' and '/home/bianca/Documents/zebraVR/stimulus/textures/50perc_grey.png' are the same file
error while trying to copy file grey204.png to /home/bianca/Documents/zebraVR/stimulus/textures: '/home/bianca/Documents/zebraVR/stimulus/textures/grey204.png' and '/home/bianca/Documents/zebraVR/stimulus/textures/grey204.png' are the same file
error while trying to copy file grey204.png to /home/bianca/Documents/zebraVR/stimulus/textures: '/home/bianca/Documents/zebraVR/stimulus/textures/grey204.png' and '/home/bianca/Documents/zebraVR/stimulus/textures/grey204.png' are the same file
error while trying to copy file grey204.png to /home/bianca/Documents/zebraVR/stimulus/textures: '/home/bianca/Documents/zebraVR/stimulus/textures/grey204.png' and '/home/bianca/Documents/zebraVR/stimulus/textures/grey204.png' are the same file
error while trying to copy file 75percent_grey.png to /home/bianca/Documents/zebraVR/stimulus/textures: '/home/bianca/Documents/zebraVR/stimulus/textures/75percent_grey.png' and '/home/bianca/Documents/zebraVR/stimulus/textures/75percent_grey.png' are the same file
error while trying to copy file grey204.png to /home/bianca/Documents/zebraVR/stimulus/textures: '/home/bianca/Documents/zebraVR/stimulus/textures/grey204.png' and '/home/bianca/Documents/zebraVR/stimulus/textures/grey204.png' are the same file
error while trying to copy file 25percent_grey.png to /home/bianca/Documents/zebraVR/stimulus/textures: '/home/bianca/Documents/zebraVR/stimulus/textures/25percent_grey.png' and '/home/bianca/Documents/zebraVR/stimulus/textures/25percent_grey.png' are the same file
error while trying to copy file grey204.png to /home/bianca/Documents/zebraVR/stimulus/textures: '/home/bianca/Documents/zebraVR/stimulus/textures/grey204.png' and '/home/bianca/Documents/zebraVR/stimulus/textures/grey204.png' are the same file
error while trying to copy file white.png to /home/bianca/Documents/zebraVR/stimulus/textures: '/home/bianca/Documents/zebraVR/stimulus/textures/white.png' and '/home/bianca/Documents/zebraVR/stimulus/textures/white.png' are the same file
error while trying to copy file stripe64_2_sharp.png to /home/bianca/Documents/zebraVR/stimulus/textures: '/home/bianca/Documents/zebraVR/stimulus/textures/stripe64_2_sharp.png' and '/home/bianca/Documents/zebraVR/stimulus/textures/stripe64_2_sharp.png' are the same file
error while trying to copy file black.png to /home/bianca/Documents/zebraVR/stimulus/textures: '/home/bianca/Documents/zebraVR/stimulus/textures/black.png' and '/home/bianca/Documents/zebraVR/stimulus/textures/black.png' are the same file
Check log file /home/bianca/Documents/zebraVR/stimulus/10post_2cubes_64stripe.log
