obj Cube

Type of Cube is MESH
exporting object Cube
mesh_object is Cube.001
mesh Cube without material
vertexes 24
faces 6
--------------------------
vertex groups False False 
obj Cylinder5

Type of Cylinder5 is MESH
exporting object Cylinder5
mesh_object is Cylinder.013
mesh Cylinder5 with material Material.003
vertexes reduced from 308 to 192
faces 92
uvs channels 1 - dict_keys(['UVMap'])
WARNING update material animation not yet supported
-----------------------------------------
vertex groups False False 
obj Cylinder6

Type of Cylinder6 is MESH
exporting object Cylinder6
mesh_object is Cylinder.011
mesh Cylinder6 with material Material.005
vertexes reduced from 308 to 192
faces 92
uvs channels 1 - dict_keys(['UVMap'])
WARNING update material animation not yet supported
-----------------------------------------
vertex groups False False 
obj Cylinder0

Type of Cylinder0 is MESH
exporting object Cylinder0
mesh_object is Cylinder.014
mesh Cylinder0 with material Material.001
vertexes reduced from 308 to 192
faces 92
uvs channels 1 - dict_keys(['UVMap'])
WARNING update material animation not yet supported
-----------------------------------------
vertex groups False False 
obj Cylinder1

Type of Cylinder1 is MESH
exporting object Cylinder1
mesh_object is Cylinder.007
mesh Cylinder1 with material Material.002
vertexes reduced from 308 to 192
faces 92
uvs channels 1 - dict_keys(['UVMap'])
WARNING update material animation not yet supported
-----------------------------------------
vertex groups False False 
obj Cylinder2

Type of Cylinder2 is MESH
exporting object Cylinder2
mesh_object is Cylinder.002
mesh Cylinder2 with material Material.004
vertexes reduced from 308 to 192
faces 92
uvs channels 1 - dict_keys(['UVMap'])
WARNING update material animation not yet supported
-----------------------------------------
vertex groups False False 
obj Cylinder3

Type of Cylinder3 is MESH
exporting object Cylinder3
mesh_object is Cylinder.010
mesh Cylinder3 with material Material.006
vertexes reduced from 308 to 192
faces 92
uvs channels 1 - dict_keys(['UVMap'])
WARNING update material animation not yet supported
-----------------------------------------
vertex groups False False 
obj Cylinder4

Type of Cylinder4 is MESH
exporting object Cylinder4
mesh_object is Cylinder.012
mesh Cylinder4 with material Material.007
vertexes reduced from 308 to 192
faces 92
uvs channels 1 - dict_keys(['UVMap'])
WARNING update material animation not yet supported
-----------------------------------------
vertex groups False False 
geode GeodeCube.001
geode GeodeCylinder.013
geode GeodeCylinder.011
geode GeodeCylinder.014
geode GeodeCylinder.007
geode GeodeCylinder.002
geode GeodeCylinder.010
geode GeodeCylinder.012
write file to /home/bianca/Documents/zebraVR/stimulus/untitled.osgt
error while trying to copy file black.png to /home/bianca/Documents/zebraVR/stimulus/textures: '/home/bianca/Documents/zebraVR/stimulus/textures/black.png' and '/home/bianca/Documents/zebraVR/stimulus/textures/black.png' are the same file
error while trying to copy file black.png to /home/bianca/Documents/zebraVR/stimulus/textures: '/home/bianca/Documents/zebraVR/stimulus/textures/black.png' and '/home/bianca/Documents/zebraVR/stimulus/textures/black.png' are the same file
error while trying to copy file black.png to /home/bianca/Documents/zebraVR/stimulus/textures: '/home/bianca/Documents/zebraVR/stimulus/textures/black.png' and '/home/bianca/Documents/zebraVR/stimulus/textures/black.png' are the same file
error while trying to copy file black.png to /home/bianca/Documents/zebraVR/stimulus/textures: '/home/bianca/Documents/zebraVR/stimulus/textures/black.png' and '/home/bianca/Documents/zebraVR/stimulus/textures/black.png' are the same file
error while trying to copy file black.png to /home/bianca/Documents/zebraVR/stimulus/textures: '/home/bianca/Documents/zebraVR/stimulus/textures/black.png' and '/home/bianca/Documents/zebraVR/stimulus/textures/black.png' are the same file
error while trying to copy file black.png to /home/bianca/Documents/zebraVR/stimulus/textures: '/home/bianca/Documents/zebraVR/stimulus/textures/black.png' and '/home/bianca/Documents/zebraVR/stimulus/textures/black.png' are the same file
error while trying to copy file black.png to /home/bianca/Documents/zebraVR/stimulus/textures: '/home/bianca/Documents/zebraVR/stimulus/textures/black.png' and '/home/bianca/Documents/zebraVR/stimulus/textures/black.png' are the same file
Check log file /home/bianca/Documents/zebraVR/stimulus/untitled.log
