obj Root

Type of Root is EMPTY

Type of Cylinder0 is MESH
exporting object Cylinder0
mesh_object is Cylinder
mesh Cylinder0 with material Material.001
vertexes reduced from 308 to 192
faces 92
uvs channels 1 - dict_keys(['UVMap'])
WARNING update material animation not yet supported
-----------------------------------------
vertex groups False False 
obj Cylinder0
obj Cylinder1
obj Cylinder2
obj Cylinder3
obj Cylinder4
obj Cylinder5
obj Cylinder6
obj Cylinder7
obj Cylinder8
obj Cylinder9
obj Cube

Type of Cube is MESH
exporting object Cube
mesh_object is Cube
mesh Cube with material Material
vertexes 24
faces 6
WARNING update material animation not yet supported
--------------------------------
vertex groups False False 
geode GeodeCylinder
geode GeodeCube
write file to /home/bianca/Documents/flyVR/new_stimulus/ten_post_stimulus_0_stripe1post.osgt
copy file /home/bianca/Documents/github/zebraVR/stimulus/textures/stripe64_2_sharp.png to /home/bianca/Documents/flyVR/new_stimulus/textures/stripe64_2_sharp.png
file /home/bianca/Downloads/textures/white.png not available
Check log file /home/bianca/Documents/flyVR/new_stimulus/ten_post_stimulus_0_stripe1post.log
